2025-06-11 19:07:44 - main - INFO - Database initialized successfully
2025-06-11 19:07:52 - main - INFO - 🚀 Starting CyberWatch Security System
2025-06-11 19:07:52 - main - INFO - Initializing background services...
2025-06-11 19:36:33 - main - INFO - Database initialized successfully
2025-06-11 19:36:37 - main - INFO - 🚀 Starting CyberWatch Security System
2025-06-11 19:36:37 - main - INFO - Initializing background services...
2025-06-11 19:38:36 - main - INFO - Registered /malware_events namespace for EMPDRS communication.
2025-06-11 20:05:05 - main - INFO - 🎉 Server marked as ready! Total startup time: 0.41s
2025-06-11 20:05:06 - main - INFO - 🚀 Starting CyberWatch Security System - Core Services
2025-06-11 20:05:06 - main - INFO - Database initialized successfully
2025-06-11 20:05:08 - main - INFO - ✅ Core services initialized
2025-06-11 20:05:08 - main - INFO - 🎯 Server ready for connections!
2025-06-11 20:05:08 - main - INFO - 🔧 Initializing background services...
2025-06-11 20:06:37 - main - ERROR - Error initializing background services: [Errno 4] Interrupted function call
2025-06-11 20:09:21 - main - INFO - Database initialized successfully
2025-06-11 20:09:29 - main - INFO - 🚀 Starting CyberWatch Security System
2025-06-11 20:09:29 - main - INFO - Initializing background services...
2025-06-11 20:11:13 - main - INFO - Registered /malware_events namespace for EMPDRS communication.
2025-06-12 08:41:16 - main - INFO - Database initialized successfully
2025-06-12 08:41:17 - main - INFO - 🚀 Starting eCyber Security System
2025-06-12 08:41:17 - main - INFO - Initializing background services...
2025-06-12 08:41:27 - main - INFO - Registered /malware_events namespace for EMPDRS communication.
2025-06-12 08:53:52 - main - INFO - Database initialized successfully
2025-06-12 08:53:56 - main - INFO - 🚀 Starting eCyber Security System
2025-06-12 08:53:56 - main - INFO - Initializing background services...
2025-06-12 08:54:56 - main - INFO - Registered /malware_events namespace for EMPDRS communication.
2025-06-12 08:57:58 - main - INFO - Database initialized successfully
2025-06-12 08:58:01 - main - INFO - 🚀 Starting eCyber Security System
2025-06-12 08:58:02 - main - INFO - Initializing background services...
2025-06-12 08:59:28 - main - INFO - Registered /malware_events namespace for EMPDRS communication.
2025-06-12 09:15:02 - main - INFO - System monitoring started
2025-06-12 09:41:31 - main - INFO - User started sniffing on Wi-Fi
2025-06-12 10:25:11 - main - INFO - Database initialized successfully
2025-06-12 10:25:15 - main - INFO - 🚀 Starting eCyber Security System
2025-06-12 10:25:15 - main - INFO - Initializing background services...
2025-06-12 10:26:37 - main - INFO - Registered /malware_events namespace for EMPDRS communication.
2025-06-12 10:39:35 - main - INFO - System monitoring started
